<?xml version="1.0" encoding="utf-8"?><testsuites name="pytest tests"><testsuite name="pytest" errors="0" failures="0" skipped="0" tests="17" time="5.662" timestamp="2026-06-20T05:47:50.689445+00:00" hostname="agent-env-de8737e1-d2ff-416f-844a-c4da54484c61"><testcase classname="backend.tests.backend_test.TestAuth" name="test_register_and_me" time="0.529" /><testcase classname="backend.tests.backend_test.TestAuth" name="test_login_and_logout" time="0.540" /><testcase classname="backend.tests.backend_test.TestAuth" name="test_login_bad" time="0.346" /><testcase classname="backend.tests.backend_test.TestPublic" name="test_formats" time="0.124" /><testcase classname="backend.tests.backend_test.TestPublic" name="test_billing_config" time="0.145" /><testcase classname="backend.tests.backend_test.TestConvert" name="test_upload" time="0.400" /><testcase classname="backend.tests.backend_test.TestConvert" name="test_png_to_jpg" time="0.181" /><testcase classname="backend.tests.backend_test.TestConvert" name="test_png_to_pdf" time="0.109" /><testcase classname="backend.tests.backend_test.TestConvert" name="test_txt_to_pdf" time="0.200" /><testcase classname="backend.tests.backend_test.TestConvert" name="test_txt_to_docx" time="0.117" /><testcase classname="backend.tests.backend_test.TestConvert" name="test_txt_to_xlsx" time="0.107" /><testcase classname="backend.tests.backend_test.TestEditor" name="test_edit_image" time="0.092" /><testcase classname="backend.tests.backend_test.TestEditor" name="test_pdf_merge_and_split" time="0.290" /><testcase classname="backend.tests.backend_test.TestHistory" name="test_history" time="0.057" /><testcase classname="backend.tests.backend_test.TestBilling" name="test_checkout_plan" time="1.107" /><testcase classname="backend.tests.backend_test.TestBilling" name="test_checkout_pack" time="0.424" /><testcase classname="backend.tests.backend_test.TestDailyLimit" name="test_free_user_6th_blocked" time="0.701" /></testsuite></testsuites>